#
# There is insufficient memory for the Java Runtime Environment to continue.
# Native memory allocation (malloc) failed to allocate 2114736 bytes for Chunk::new
# Possible reasons:
#   The system is out of physical RAM or swap space
#   The process is running with CompressedOops enabled, and the Java Heap may be blocking the growth of the native heap
# Possible solutions:
#   Reduce memory load on the system
#   Increase physical memory or swap space
#   Check if swap backing store is full
#   Decrease Java heap size (-Xmx/-Xms)
#   Decrease number of Java threads
#   Decrease Java thread stack sizes (-Xss)
#   Set larger code cache with -XX:ReservedCodeCacheSize=
#   JVM is running with Unscaled Compressed Oops mode in which the Java heap is
#     placed in the first 4GB address space. The Java Heap base address is the
#     maximum limit for the native heap growth. Please use -XX:HeapBaseMinAddress
#     to set the Java Heap base and to place the Java Heap above 4GB virtual address.
# This output file may be truncated or incomplete.
#
#  Out of Memory Error (./open/src/hotspot/share/memory/arena.cpp:197), pid=9104, tid=17792
#
# JRE version: Java(TM) SE Runtime Environment 18.9 (11.0.8+10) (build 11.0.8+10-LTS)
# Java VM: Java HotSpot(TM) 64-Bit Server VM 18.9 (11.0.8+10-LTS, mixed mode, tiered, compressed oops, g1 gc, windows-amd64)
# No core dump will be written. Minidumps are not enabled by default on client versions of Windows
#

---------------  S U M M A R Y ------------

Command Line: -Dfile.encoding=UTF-8 sb.elastic.sbelastic.SbelasticApplication

Host: AMD Athlon Silver 3050U with Radeon Graphics   , 2 cores, 3G,  Windows 10 , 64 bit Build 19041 (10.0.19041.1151)
Time: Thu Sep  2 09:03:52 2021 SE Asia Standard Time elapsed time: 9 seconds (0d 0h 0m 9s)

---------------  T H R E A D  ---------------

Current thread (0x0000020efff7a800):  JavaThread "C2 CompilerThread0" daemon [_thread_in_native, id=17792, stack(0x000000fb6e700000,0x000000fb6e800000)]


Current CompileTask:
C2:   9272 2705   !   4       jdk.internal.loader.BuiltinClassLoader::loadClassOrNull (143 bytes)

Stack: [0x000000fb6e700000,0x000000fb6e800000]
Native frames: (J=compiled Java code, j=interpreted, Vv=VM code, C=native code)
V  [jvm.dll+0x601aea]
V  [jvm.dll+0x737fef]
V  [jvm.dll+0x739675]
V  [jvm.dll+0x739cf3]
V  [jvm.dll+0x242848]
V  [jvm.dll+0xb999c]
V  [jvm.dll+0xb9f2c]
V  [jvm.dll+0x3441a7]
V  [jvm.dll+0x312003]
V  [jvm.dll+0x31134a]
V  [jvm.dll+0x1fc2e5]
V  [jvm.dll+0x1fb49f]
V  [jvm.dll+0x17e0fc]
V  [jvm.dll+0x20aaa4]
V  [jvm.dll+0x208b7b]
V  [jvm.dll+0x6ff90c]
V  [jvm.dll+0x6f845c]
V  [jvm.dll+0x600d66]
C  [ucrtbase.dll+0x21bb2]
C  [KERNEL32.DLL+0x17034]
C  [ntdll.dll+0x52651]


---------------  P R O C E S S  ---------------

Threads class SMR info:
_java_thread_list=0x0000020e92cac470, length=10, elements={
0x0000020ef67ee000, 0x0000020efff1a000, 0x0000020efff09800, 0x0000020efff77800,
0x0000020efff78800, 0x0000020efff7a800, 0x0000020e92708800, 0x0000020efff9e000,
0x0000020e92807800, 0x0000020e9280d800
}

Java Threads: ( => current thread )
  0x0000020ef67ee000 JavaThread "main" [_thread_in_vm, id=10264, stack(0x000000fb6dc00000,0x000000fb6dd00000)]
  0x0000020efff1a000 JavaThread "Reference Handler" daemon [_thread_blocked, id=1936, stack(0x000000fb6e300000,0x000000fb6e400000)]
  0x0000020efff09800 JavaThread "Finalizer" daemon [_thread_blocked, id=17964, stack(0x000000fb6e400000,0x000000fb6e500000)]
  0x0000020efff77800 JavaThread "Signal Dispatcher" daemon [_thread_blocked, id=16708, stack(0x000000fb6e500000,0x000000fb6e600000)]
  0x0000020efff78800 JavaThread "Attach Listener" daemon [_thread_blocked, id=3748, stack(0x000000fb6e600000,0x000000fb6e700000)]
=>0x0000020efff7a800 JavaThread "C2 CompilerThread0" daemon [_thread_in_native, id=17792, stack(0x000000fb6e700000,0x000000fb6e800000)]
  0x0000020e92708800 JavaThread "C1 CompilerThread0" daemon [_thread_blocked, id=14844, stack(0x000000fb6e800000,0x000000fb6e900000)]
  0x0000020efff9e000 JavaThread "Sweeper thread" daemon [_thread_blocked, id=7352, stack(0x000000fb6e900000,0x000000fb6ea00000)]
  0x0000020e92807800 JavaThread "Service Thread" daemon [_thread_blocked, id=3064, stack(0x000000fb6ea00000,0x000000fb6eb00000)]
  0x0000020e9280d800 JavaThread "Common-Cleaner" daemon [_thread_blocked, id=17472, stack(0x000000fb6ec00000,0x000000fb6ed00000)]

Other Threads:
  0x0000020effee3000 VMThread "VM Thread" [stack: 0x000000fb6e200000,0x000000fb6e300000] [id=14880]
  0x0000020e9280c800 WatcherThread [stack: 0x000000fb6eb00000,0x000000fb6ec00000] [id=8780]
  0x0000020ef6803800 GCTaskThread "GC Thread#0" [stack: 0x000000fb6dd00000,0x000000fb6de00000] [id=7204]
  0x0000020e92e01800 GCTaskThread "GC Thread#1" [stack: 0x000000fb6ed00000,0x000000fb6ee00000] [id=16516]
  0x0000020ef681a800 ConcurrentGCThread "G1 Main Marker" [stack: 0x000000fb6de00000,0x000000fb6df00000] [id=17264]
  0x0000020ef681c800 ConcurrentGCThread "G1 Conc#0" [stack: 0x000000fb6df00000,0x000000fb6e000000] [id=17676]
  0x0000020ef6863000 ConcurrentGCThread "G1 Refine#0" [stack: 0x000000fb6e000000,0x000000fb6e100000] [id=13616]
  0x0000020ef6864000 ConcurrentGCThread "G1 Young RemSet Sampling" [stack: 0x000000fb6e100000,0x000000fb6e200000] [id=16504]

Threads with active compile tasks:
C2 CompilerThread0   9313 2705   !   4       jdk.internal.loader.BuiltinClassLoader::loadClassOrNull (143 bytes)

VM state:not at safepoint (normal execution)

VM Mutex/Monitor currently owned by a thread: None

Heap address: 0x00000000c8c00000, size: 884 MB, Compressed Oops mode: 32-bit
Narrow klass base: 0x0000000000000000, Narrow klass shift: 3
Compressed class space size: 1073741824 Address: 0x0000000100000000

Heap:
 garbage-first heap   total 57344K, used 16678K [0x00000000c8c00000, 0x0000000100000000)
  region size 1024K, 9 young (9216K), 3 survivors (3072K)
 Metaspace       used 28113K, capacity 28854K, committed 29056K, reserved 1075200K
  class space    used 3148K, capacity 3456K, committed 3456K, reserved 1048576K
Heap Regions: E=young(eden), S=young(survivor), O=old, HS=humongous(starts), HC=humongous(continues), CS=collection set, F=free, A=archive, TAMS=top-at-mark-start (previous, next)
|   0|0x00000000c8c00000, 0x00000000c8d00000, 0x00000000c8d00000|100%|HS|  |TAMS 0x00000000c8d00000, 0x00000000c8c00000| Complete 
|   1|0x00000000c8d00000, 0x00000000c8e00000, 0x00000000c8e00000|100%| O|  |TAMS 0x00000000c8e00000, 0x00000000c8d00000| Untracked 
|   2|0x00000000c8e00000, 0x00000000c8f00000, 0x00000000c8f00000|100%| O|  |TAMS 0x00000000c8f00000, 0x00000000c8e00000| Untracked 
|   3|0x00000000c8f00000, 0x00000000c9000000, 0x00000000c9000000|100%| O|  |TAMS 0x00000000c9000000, 0x00000000c8f00000| Untracked 
|   4|0x00000000c9000000, 0x00000000c9100000, 0x00000000c9100000|100%| O|  |TAMS 0x00000000c9100000, 0x00000000c9000000| Untracked 
|   5|0x00000000c9100000, 0x00000000c9200000, 0x00000000c9200000|100%| O|  |TAMS 0x00000000c9200000, 0x00000000c9100000| Untracked 
|   6|0x00000000c9200000, 0x00000000c9300000, 0x00000000c9300000|100%| O|  |TAMS 0x00000000c92e1e00, 0x00000000c9200000| Untracked 
|   7|0x00000000c9300000, 0x00000000c9400000, 0x00000000c9400000|100%| O|  |TAMS 0x00000000c9300000, 0x00000000c9300000| Untracked 
|   8|0x00000000c9400000, 0x00000000c9478200, 0x00000000c9500000| 46%| O|  |TAMS 0x00000000c9400000, 0x00000000c9400000| Untracked 
|   9|0x00000000c9500000, 0x00000000c9500000, 0x00000000c9600000|  0%| F|  |TAMS 0x00000000c9500000, 0x00000000c9500000| Untracked 
|  10|0x00000000c9600000, 0x00000000c9600000, 0x00000000c9700000|  0%| F|  |TAMS 0x00000000c9600000, 0x00000000c9600000| Untracked 
|  11|0x00000000c9700000, 0x00000000c9700000, 0x00000000c9800000|  0%| F|  |TAMS 0x00000000c9700000, 0x00000000c9700000| Untracked 
|  12|0x00000000c9800000, 0x00000000c9800000, 0x00000000c9900000|  0%| F|  |TAMS 0x00000000c9800000, 0x00000000c9800000| Untracked 
|  13|0x00000000c9900000, 0x00000000c9900000, 0x00000000c9a00000|  0%| F|  |TAMS 0x00000000c9900000, 0x00000000c9900000| Untracked 
|  14|0x00000000c9a00000, 0x00000000c9a00000, 0x00000000c9b00000|  0%| F|  |TAMS 0x00000000c9a00000, 0x00000000c9a00000| Untracked 
|  15|0x00000000c9b00000, 0x00000000c9b00000, 0x00000000c9c00000|  0%| F|  |TAMS 0x00000000c9b00000, 0x00000000c9b00000| Untracked 
|  16|0x00000000c9c00000, 0x00000000c9c00000, 0x00000000c9d00000|  0%| F|  |TAMS 0x00000000c9c00000, 0x00000000c9c00000| Untracked 
|  17|0x00000000c9d00000, 0x00000000c9d00000, 0x00000000c9e00000|  0%| F|  |TAMS 0x00000000c9d00000, 0x00000000c9d00000| Untracked 
|  18|0x00000000c9e00000, 0x00000000c9e00000, 0x00000000c9f00000|  0%| F|  |TAMS 0x00000000c9e00000, 0x00000000c9e00000| Untracked 
|  19|0x00000000c9f00000, 0x00000000c9f00000, 0x00000000ca000000|  0%| F|  |TAMS 0x00000000c9f00000, 0x00000000c9f00000| Untracked 
|  20|0x00000000ca000000, 0x00000000ca000000, 0x00000000ca100000|  0%| F|  |TAMS 0x00000000ca000000, 0x00000000ca000000| Untracked 
|  21|0x00000000ca100000, 0x00000000ca100000, 0x00000000ca200000|  0%| F|  |TAMS 0x00000000ca100000, 0x00000000ca100000| Untracked 
|  22|0x00000000ca200000, 0x00000000ca2d1730, 0x00000000ca300000| 81%| S|CS|TAMS 0x00000000ca200000, 0x00000000ca200000| Complete 
|  23|0x00000000ca300000, 0x00000000ca400000, 0x00000000ca400000|100%| S|CS|TAMS 0x00000000ca300000, 0x00000000ca300000| Complete 
|  24|0x00000000ca400000, 0x00000000ca400000, 0x00000000ca500000|  0%| F|  |TAMS 0x00000000ca400000, 0x00000000ca400000| Untracked 
|  25|0x00000000ca500000, 0x00000000ca500000, 0x00000000ca600000|  0%| F|  |TAMS 0x00000000ca500000, 0x00000000ca500000| Untracked 
|  26|0x00000000ca600000, 0x00000000ca600000, 0x00000000ca700000|  0%| F|  |TAMS 0x00000000ca600000, 0x00000000ca600000| Untracked 
|  27|0x00000000ca700000, 0x00000000ca800000, 0x00000000ca800000|100%| S|CS|TAMS 0x00000000ca700000, 0x00000000ca700000| Complete 
|  28|0x00000000ca800000, 0x00000000ca800000, 0x00000000ca900000|  0%| F|  |TAMS 0x00000000ca800000, 0x00000000ca800000| Untracked 
|  29|0x00000000ca900000, 0x00000000ca900000, 0x00000000caa00000|  0%| F|  |TAMS 0x00000000ca900000, 0x00000000ca900000| Untracked 
|  30|0x00000000caa00000, 0x00000000caa00000, 0x00000000cab00000|  0%| F|  |TAMS 0x00000000caa00000, 0x00000000caa00000| Untracked 
|  31|0x00000000cab00000, 0x00000000cab00000, 0x00000000cac00000|  0%| F|  |TAMS 0x00000000cab00000, 0x00000000cab00000| Untracked 
|  32|0x00000000cac00000, 0x00000000cac00000, 0x00000000cad00000|  0%| F|  |TAMS 0x00000000cac00000, 0x00000000cac00000| Untracked 
|  33|0x00000000cad00000, 0x00000000cad00000, 0x00000000cae00000|  0%| F|  |TAMS 0x00000000cad00000, 0x00000000cad00000| Untracked 
|  34|0x00000000cae00000, 0x00000000cae00000, 0x00000000caf00000|  0%| F|  |TAMS 0x00000000cae00000, 0x00000000cae00000| Untracked 
|  35|0x00000000caf00000, 0x00000000caf00000, 0x00000000cb000000|  0%| F|  |TAMS 0x00000000caf00000, 0x00000000caf00000| Untracked 
|  36|0x00000000cb000000, 0x00000000cb000000, 0x00000000cb100000|  0%| F|  |TAMS 0x00000000cb000000, 0x00000000cb000000| Untracked 
|  37|0x00000000cb100000, 0x00000000cb100000, 0x00000000cb200000|  0%| F|  |TAMS 0x00000000cb100000, 0x00000000cb100000| Untracked 
|  38|0x00000000cb200000, 0x00000000cb200000, 0x00000000cb300000|  0%| F|  |TAMS 0x00000000cb200000, 0x00000000cb200000| Untracked 
|  39|0x00000000cb300000, 0x00000000cb300000, 0x00000000cb400000|  0%| F|  |TAMS 0x00000000cb300000, 0x00000000cb300000| Untracked 
|  40|0x00000000cb400000, 0x00000000cb400000, 0x00000000cb500000|  0%| F|  |TAMS 0x00000000cb400000, 0x00000000cb400000| Untracked 
|  41|0x00000000cb500000, 0x00000000cb500000, 0x00000000cb600000|  0%| F|  |TAMS 0x00000000cb500000, 0x00000000cb500000| Untracked 
|  42|0x00000000cb600000, 0x00000000cb600000, 0x00000000cb700000|  0%| F|  |TAMS 0x00000000cb600000, 0x00000000cb600000| Untracked 
|  43|0x00000000cb700000, 0x00000000cb700000, 0x00000000cb800000|  0%| F|  |TAMS 0x00000000cb700000, 0x00000000cb700000| Untracked 
|  44|0x00000000cb800000, 0x00000000cb800000, 0x00000000cb900000|  0%| F|  |TAMS 0x00000000cb800000, 0x00000000cb800000| Untracked 
|  45|0x00000000cb900000, 0x00000000cb900000, 0x00000000cba00000|  0%| F|  |TAMS 0x00000000cb900000, 0x00000000cb900000| Untracked 
|  46|0x00000000cba00000, 0x00000000cba00000, 0x00000000cbb00000|  0%| F|  |TAMS 0x00000000cba00000, 0x00000000cba00000| Untracked 
|  47|0x00000000cbb00000, 0x00000000cbb00000, 0x00000000cbc00000|  0%| F|  |TAMS 0x00000000cbb00000, 0x00000000cbb00000| Untracked 
|  48|0x00000000cbc00000, 0x00000000cbc00000, 0x00000000cbd00000|  0%| F|  |TAMS 0x00000000cbc00000, 0x00000000cbc00000| Untracked 
|  49|0x00000000cbd00000, 0x00000000cbd00000, 0x00000000cbe00000|  0%| F|  |TAMS 0x00000000cbd00000, 0x00000000cbd00000| Untracked 
|  50|0x00000000cbe00000, 0x00000000cbf00000, 0x00000000cbf00000|100%| E|  |TAMS 0x00000000cbe00000, 0x00000000cbe00000| Complete 
|  51|0x00000000cbf00000, 0x00000000cc000000, 0x00000000cc000000|100%| E|CS|TAMS 0x00000000cbf00000, 0x00000000cbf00000| Complete 
|  52|0x00000000cc000000, 0x00000000cc100000, 0x00000000cc100000|100%| E|CS|TAMS 0x00000000cc000000, 0x00000000cc000000| Complete 
|  53|0x00000000cc100000, 0x00000000cc200000, 0x00000000cc200000|100%| E|CS|TAMS 0x00000000cc100000, 0x00000000cc100000| Complete 
|  54|0x00000000cc200000, 0x00000000cc300000, 0x00000000cc300000|100%| E|CS|TAMS 0x00000000cc200000, 0x00000000cc200000| Complete 
|  55|0x00000000cc300000, 0x00000000cc400000, 0x00000000cc400000|100%| E|CS|TAMS 0x00000000cc300000, 0x00000000cc300000| Complete 

Card table byte_map: [0x0000020ef6580000,0x0000020ef6740000] _byte_map_base: 0x0000020ef5f3a000

Marking Bits (Prev, Next): (CMBitMap*) 0x0000020ef68161d0, (CMBitMap*) 0x0000020ef6816198
 Prev Bits: [0x0000020e8f000000, 0x0000020e8fdd0000)
 Next Bits: [0x0000020efedb0000, 0x0000020effb80000)

Polling page: 0x0000020ef4790000

Metaspace:

Usage:
  Non-class:     24.80 MB capacity,    24.38 MB ( 98%) used,   348.96 KB (  1%) free+waste,    83.63 KB ( <1%) overhead. 
      Class:      3.38 MB capacity,     3.07 MB ( 91%) used,   267.42 KB (  8%) free+waste,    40.25 KB (  1%) overhead. 
       Both:     28.18 MB capacity,    27.45 MB ( 97%) used,   616.38 KB (  2%) free+waste,   123.88 KB ( <1%) overhead. 

Virtual space:
  Non-class space:       26.00 MB reserved,      25.00 MB ( 96%) committed 
      Class space:        1.00 GB reserved,       3.38 MB ( <1%) committed 
             Both:        1.03 GB reserved,      28.38 MB (  3%) committed 

Chunk freelists:
   Non-Class:  1.25 KB
       Class:  0 bytes
        Both:  1.25 KB

CodeHeap 'non-profiled nmethods': size=120064Kb used=1126Kb max_used=1126Kb free=118937Kb
 bounds [0x0000020e87ac0000, 0x0000020e87d30000, 0x0000020e8f000000]
CodeHeap 'profiled nmethods': size=120000Kb used=5518Kb max_used=5518Kb free=114481Kb
 bounds [0x0000020e80590000, 0x0000020e80b00000, 0x0000020e87ac0000]
CodeHeap 'non-nmethods': size=5696Kb used=1123Kb max_used=1157Kb free=4572Kb
 bounds [0x0000020e80000000, 0x0000020e80270000, 0x0000020e80590000]
 total_blobs=2955 nmethods=2517 adapters=349
 compilation: enabled
              stopped_count=0, restarted_count=0
 full_count=0

Compilation events (10 events):
Event: 9.218 Thread 0x0000020e92708800 2727       3       org.springframework.util.AntPathMatcher::skipSeparator (30 bytes)
Event: 9.218 Thread 0x0000020e92708800 nmethod 2727 0x0000020e80af2190 code [0x0000020e80af2360, 0x0000020e80af26d0]
Event: 9.218 Thread 0x0000020e92708800 2728       3       org.springframework.util.AntPathMatcher::skipSegment (75 bytes)
Event: 9.219 Thread 0x0000020e92708800 nmethod 2728 0x0000020e80af2890 code [0x0000020e80af2b40, 0x0000020e80af39b0]
Event: 9.220 Thread 0x0000020e92708800 2729       3       org.springframework.util.AntPathMatcher::getStringMatcher (98 bytes)
Event: 9.220 Thread 0x0000020e92708800 nmethod 2729 0x0000020e80af3f90 code [0x0000020e80af41e0, 0x0000020e80af4c40]
Event: 9.220 Thread 0x0000020e92708800 2730       3       org.springframework.util.AntPathMatcher$AntPathStringMatcher::matchStrings (171 bytes)
Event: 9.221 Thread 0x0000020e92708800 nmethod 2730 0x0000020e80af4f10 code [0x0000020e80af5260, 0x0000020e80af6530]
Event: 9.241 Thread 0x0000020e92708800 2731       3       jdk.internal.loader.URLClassPath$FileLoader::findResource (18 bytes)
Event: 9.241 Thread 0x0000020e92708800 nmethod 2731 0x0000020e80af6c10 code [0x0000020e80af6de0, 0x0000020e80af70a0]

GC Heap History (10 events):
Event: 2.134 GC heap before
{Heap before GC invocations=2 (full 0):
 garbage-first heap   total 57344K, used 16765K [0x00000000c8c00000, 0x0000000100000000)
  region size 1024K, 12 young (12288K), 1 survivors (1024K)
 Metaspace       used 11396K, capacity 11618K, committed 11776K, reserved 1060864K
  class space    used 1120K, capacity 1197K, committed 1280K, reserved 1048576K
}
Event: 2.138 GC heap after
{Heap after GC invocations=3 (full 0):
 garbage-first heap   total 57344K, used 7175K [0x00000000c8c00000, 0x0000000100000000)
  region size 1024K, 2 young (2048K), 2 survivors (2048K)
 Metaspace       used 11396K, capacity 11618K, committed 11776K, reserved 1060864K
  class space    used 1120K, capacity 1197K, committed 1280K, reserved 1048576K
}
Event: 4.293 GC heap before
{Heap before GC invocations=3 (full 0):
 garbage-first heap   total 57344K, used 33799K [0x00000000c8c00000, 0x0000000100000000)
  region size 1024K, 28 young (28672K), 2 survivors (2048K)
 Metaspace       used 18176K, capacity 18660K, committed 18816K, reserved 1067008K
  class space    used 1961K, capacity 2155K, committed 2176K, reserved 1048576K
}
Event: 4.300 GC heap after
{Heap after GC invocations=4 (full 0):
 garbage-first heap   total 57344K, used 8919K [0x00000000c8c00000, 0x0000000100000000)
  region size 1024K, 4 young (4096K), 4 survivors (4096K)
 Metaspace       used 18176K, capacity 18660K, committed 18816K, reserved 1067008K
  class space    used 1961K, capacity 2155K, committed 2176K, reserved 1048576K
}
Event: 5.506 GC heap before
{Heap before GC invocations=4 (full 0):
 garbage-first heap   total 57344K, used 23255K [0x00000000c8c00000, 0x0000000100000000)
  region size 1024K, 19 young (19456K), 4 survivors (4096K)
 Metaspace       used 20711K, capacity 21209K, committed 21296K, reserved 1069056K
  class space    used 2231K, capacity 2429K, committed 2432K, reserved 1048576K
}
Event: 5.513 GC heap after
{Heap after GC invocations=5 (full 0):
 garbage-first heap   total 57344K, used 9373K [0x00000000c8c00000, 0x0000000100000000)
  region size 1024K, 3 young (3072K), 3 survivors (3072K)
 Metaspace       used 20711K, capacity 21209K, committed 21296K, reserved 1069056K
  class space    used 2231K, capacity 2429K, committed 2432K, reserved 1048576K
}
Event: 7.051 GC heap before
{Heap before GC invocations=6 (full 0):
 garbage-first heap   total 57344K, used 35997K [0x00000000c8c00000, 0x0000000100000000)
  region size 1024K, 29 young (29696K), 3 survivors (3072K)
 Metaspace       used 24639K, capacity 25198K, committed 25344K, reserved 1071104K
  class space    used 2756K, capacity 2992K, committed 3072K, reserved 1048576K
}
Event: 7.057 GC heap after
{Heap after GC invocations=7 (full 0):
 garbage-first heap   total 57344K, used 10119K [0x00000000c8c00000, 0x0000000100000000)
  region size 1024K, 3 young (3072K), 3 survivors (3072K)
 Metaspace       used 24639K, capacity 25198K, committed 25344K, reserved 1071104K
  class space    used 2756K, capacity 2992K, committed 3072K, reserved 1048576K
}
Event: 8.865 GC heap before
{Heap before GC invocations=7 (full 0):
 garbage-first heap   total 57344K, used 37767K [0x00000000c8c00000, 0x0000000100000000)
  region size 1024K, 31 young (31744K), 3 survivors (3072K)
 Metaspace       used 27426K, capacity 28183K, committed 28288K, reserved 1075200K
  class space    used 3070K, capacity 3383K, committed 3456K, reserved 1048576K
}
Event: 8.874 GC heap after
{Heap after GC invocations=8 (full 0):
 garbage-first heap   total 57344K, used 11558K [0x00000000c8c00000, 0x0000000100000000)
  region size 1024K, 3 young (3072K), 3 survivors (3072K)
 Metaspace       used 27426K, capacity 28183K, committed 28288K, reserved 1075200K
  class space    used 3070K, capacity 3383K, committed 3456K, reserved 1048576K
}

Deoptimization events (10 events):
Event: 7.723 Thread 0x0000020ef67ee000 Uncommon trap: reason=class_check action=maybe_recompile pc=0x0000020e87b43b94 method=java.lang.invoke.LambdaForm$Name.replaceNames([Ljava/lang/invoke/LambdaForm$Name;[Ljava/lang/invoke/LambdaForm$Name;II)Ljava/lang/invoke/LambdaForm$Name; @ 33 c2
Event: 7.723 Thread 0x0000020ef67ee000 Uncommon trap: reason=class_check action=maybe_recompile pc=0x0000020e87b43b94 method=java.lang.invoke.LambdaForm$Name.replaceNames([Ljava/lang/invoke/LambdaForm$Name;[Ljava/lang/invoke/LambdaForm$Name;II)Ljava/lang/invoke/LambdaForm$Name; @ 33 c2
Event: 7.735 Thread 0x0000020ef67ee000 Uncommon trap: reason=unstable_if action=reinterpret pc=0x0000020e87b39d20 method=org.springframework.boot.context.properties.source.ConfigurationPropertyName$ElementsParser.add(IILorg/springframework/boot/context/properties/source/ConfigurationPropertyNa
Event: 7.882 Thread 0x0000020ef67ee000 Uncommon trap: reason=intrinsic_or_type_checked_inlining action=make_not_entrant pc=0x0000020e87bb40e8 method=java.util.Arrays.copyOf([Ljava/lang/Object;ILjava/lang/Class;)[Ljava/lang/Object; @ 35 c2
Event: 8.428 Thread 0x0000020ef67ee000 Uncommon trap: reason=class_check action=maybe_recompile pc=0x0000020e87ad91d8 method=java.lang.String.equals(Ljava/lang/Object;)Z @ 8 c2
Event: 8.428 Thread 0x0000020ef67ee000 Uncommon trap: reason=class_check action=maybe_recompile pc=0x0000020e87ad91d8 method=java.lang.String.equals(Ljava/lang/Object;)Z @ 8 c2
Event: 8.428 Thread 0x0000020ef67ee000 Uncommon trap: reason=class_check action=maybe_recompile pc=0x0000020e87ad91d8 method=java.lang.String.equals(Ljava/lang/Object;)Z @ 8 c2
Event: 8.429 Thread 0x0000020ef67ee000 Uncommon trap: reason=class_check action=maybe_recompile pc=0x0000020e87ad91d8 method=java.lang.String.equals(Ljava/lang/Object;)Z @ 8 c2
Event: 8.908 Thread 0x0000020ef67ee000 Uncommon trap: reason=unstable_if action=reinterpret pc=0x0000020e87b4959c method=java.util.Arrays.equals([Ljava/lang/Object;[Ljava/lang/Object;)Z @ 44 c2
Event: 9.213 Thread 0x0000020ef67ee000 Uncommon trap: reason=unstable_if action=reinterpret pc=0x0000020e87bd5008 method=org.springframework.beans.factory.support.AbstractBeanFactory.getMergedLocalBeanDefinition(Ljava/lang/String;)Lorg/springframework/beans/factory/support/RootBeanDefinition; 

Classes redefined (0 events):
No events

Internal exceptions (10 events):
Event: 6.278 Thread 0x0000020ef67ee000 Exception <a 'java/lang/ClassNotFoundException'{0x00000000cae13b18}: org/springframework/beans/factory/AwareCustomizer> (0x00000000cae13b18) thrown at [./open/src/hotspot/share/classfile/systemDictionary.cpp, line 228]
Event: 6.278 Thread 0x0000020ef67ee000 Exception <a 'java/lang/ClassNotFoundException'{0x00000000cae237c8}: org/springframework/context/ApplicationStartupAwareCustomizer> (0x00000000cae237c8) thrown at [./open/src/hotspot/share/classfile/systemDictionary.cpp, line 228]
Event: 6.279 Thread 0x0000020ef67ee000 Exception <a 'java/lang/ClassNotFoundException'{0x00000000cae32b08}: org/springframework/beans/factory/AwareCustomizer> (0x00000000cae32b08) thrown at [./open/src/hotspot/share/classfile/systemDictionary.cpp, line 228]
Event: 6.279 Thread 0x0000020ef67ee000 Exception <a 'java/lang/ClassNotFoundException'{0x00000000cae42a90}: org/springframework/beans/factory/BeanClassLoaderAwareCustomizer> (0x00000000cae42a90) thrown at [./open/src/hotspot/share/classfile/systemDictionary.cpp, line 228]
Event: 6.280 Thread 0x0000020ef67ee000 Exception <a 'java/lang/ClassNotFoundException'{0x00000000cae51b70}: org/springframework/beans/factory/AwareCustomizer> (0x00000000cae51b70) thrown at [./open/src/hotspot/share/classfile/systemDictionary.cpp, line 228]
Event: 6.280 Thread 0x0000020ef67ee000 Exception <a 'java/lang/ClassNotFoundException'{0x00000000cae60ae8}: org/springframework/context/EnvironmentAwareCustomizer> (0x00000000cae60ae8) thrown at [./open/src/hotspot/share/classfile/systemDictionary.cpp, line 228]
Event: 6.281 Thread 0x0000020ef67ee000 Exception <a 'java/lang/ClassNotFoundException'{0x00000000cae6fb40}: org/springframework/beans/factory/AwareCustomizer> (0x00000000cae6fb40) thrown at [./open/src/hotspot/share/classfile/systemDictionary.cpp, line 228]
Event: 7.181 Thread 0x0000020ef67ee000 Exception <a 'java/lang/IncompatibleClassChangeError'{0x00000000cbeb2a10}: Found class java.lang.Object, but interface was expected> (0x00000000cbeb2a10) thrown at [./open/src/hotspot/share/interpreter/linkResolver.cpp, line 838]
Event: 7.302 Thread 0x0000020ef67ee000 Exception <a 'java/lang/NoSuchMethodError'{0x00000000cbc2d970}: java.lang.invoke.DirectMethodHandle$Holder.invokeInterface(Ljava/lang/Object;Ljava/lang/Object;Ljava/lang/Object;Ljava/lang/Object;)V> (0x00000000cbc2d970) thrown at [./open/src/hotspot/share
Event: 7.722 Thread 0x0000020ef67ee000 Exception <a 'java/lang/NoSuchMethodError'{0x00000000cb8cb608}: java.lang.invoke.DelegatingMethodHandle$Holder.delegate(Ljava/lang/Object;Ljava/lang/Object;ILjava/lang/Object;)V> (0x00000000cb8cb608) thrown at [./open/src/hotspot/share/interpreter/linkRes

Events (10 events):
Event: 9.259 loading class org/springframework/data/util/TypeInformation
Event: 9.259 loading class org/springframework/data/util/TypeInformation done
Event: 9.259 loading class org/springframework/data/repository/core/CrudMethods
Event: 9.259 loading class org/springframework/data/repository/core/CrudMethods done
Event: 9.260 loading class org/springframework/data/repository/core/support/DefaultRepositoryMetadata
Event: 9.260 loading class org/springframework/data/repository/core/support/DefaultRepositoryMetadata done
Event: 9.261 loading class org/springframework/data/util/ClassTypeInformation
Event: 9.261 loading class org/springframework/data/util/ClassTypeInformation done
Event: 9.261 loading class org/springframework/data/util/TypeDiscoverer
Event: 9.261 loading class org/springframework/data/util/TypeDiscoverer done


Dynamic libraries:
0x00007ff6ae220000 - 0x00007ff6ae22f000 	C:\Program Files\Java\jdk-11.0.8\bin\java.exe
0x00007ffc3fb70000 - 0x00007ffc3fd65000 	C:\Windows\SYSTEM32\ntdll.dll
0x00007ffc2aee0000 - 0x00007ffc2aef3000 	C:\Program Files\Avast Software\Avast\aswhook.dll
0x00007ffc3ef20000 - 0x00007ffc3efdd000 	C:\Windows\System32\KERNEL32.DLL
0x00007ffc3d560000 - 0x00007ffc3d829000 	C:\Windows\System32\KERNELBASE.dll
0x00007ffc3d830000 - 0x00007ffc3d930000 	C:\Windows\System32\ucrtbase.dll
0x00007ffc025b0000 - 0x00007ffc025c8000 	C:\Program Files\Java\jdk-11.0.8\bin\jli.dll
0x00007ffc3e330000 - 0x00007ffc3e3dc000 	C:\Windows\System32\ADVAPI32.dll
0x00007ffc3ecc0000 - 0x00007ffc3ed5e000 	C:\Windows\System32\msvcrt.dll
0x00007ffc3f9c0000 - 0x00007ffc3fa5b000 	C:\Windows\System32\sechost.dll
0x00007ffc3f760000 - 0x00007ffc3f88a000 	C:\Windows\System32\RPCRT4.dll
0x00007ffc02590000 - 0x00007ffc025a5000 	C:\Program Files\Java\jdk-11.0.8\bin\VCRUNTIME140.dll
0x00007ffc3e3e0000 - 0x00007ffc3e580000 	C:\Windows\System32\USER32.dll
0x00007ffc3d380000 - 0x00007ffc3d3a2000 	C:\Windows\System32\win32u.dll
0x00007ffc3f6c0000 - 0x00007ffc3f6ea000 	C:\Windows\System32\GDI32.dll
0x00007ffc3d3b0000 - 0x00007ffc3d4bb000 	C:\Windows\System32\gdi32full.dll
0x00007ffc3d4c0000 - 0x00007ffc3d55d000 	C:\Windows\System32\msvcp_win.dll
0x00007ffc2cb60000 - 0x00007ffc2cdfa000 	C:\Windows\WinSxS\amd64_microsoft.windows.common-controls_6595b64144ccf1df_6.0.19041.1110_none_60b5254171f9507e\COMCTL32.dll
0x00007ffc34120000 - 0x00007ffc3412a000 	C:\Windows\SYSTEM32\VERSION.dll
0x00007ffc3f290000 - 0x00007ffc3f2c0000 	C:\Windows\System32\IMM32.DLL
0x00007ffbfcf70000 - 0x00007ffbfd00b000 	C:\Program Files\Java\jdk-11.0.8\bin\msvcp140.dll
0x00007ffbe83f0000 - 0x00007ffbe8ed6000 	C:\Program Files\Java\jdk-11.0.8\bin\server\jvm.dll
0x00007ffc3f120000 - 0x00007ffc3f128000 	C:\Windows\System32\PSAPI.DLL
0x00007ffc28e90000 - 0x00007ffc28e99000 	C:\Windows\SYSTEM32\WSOCK32.dll
0x00007ffc3fa60000 - 0x00007ffc3facb000 	C:\Windows\System32\WS2_32.dll
0x00007ffc340f0000 - 0x00007ffc34117000 	C:\Windows\SYSTEM32\WINMM.dll
0x00007ffc3bb40000 - 0x00007ffc3bb52000 	C:\Windows\SYSTEM32\kernel.appcore.dll
0x00007ffc03770000 - 0x00007ffc03780000 	C:\Program Files\Java\jdk-11.0.8\bin\verify.dll
0x00007ffc3b6e0000 - 0x00007ffc3b8c4000 	C:\Windows\SYSTEM32\DBGHELP.DLL
0x00007ffc2d1a0000 - 0x00007ffc2d1cc000 	C:\Windows\SYSTEM32\dbgcore.DLL
0x00007ffc3d9e0000 - 0x00007ffc3da63000 	C:\Windows\System32\bcryptPrimitives.dll
0x00007ffc01220000 - 0x00007ffc01248000 	C:\Program Files\Java\jdk-11.0.8\bin\java.dll
0x00007ffc02e80000 - 0x00007ffc02e8a000 	C:\Program Files\Java\jdk-11.0.8\bin\jimage.dll
0x00007ffc01690000 - 0x00007ffc016a6000 	C:\Program Files\Java\jdk-11.0.8\bin\zip.dll
0x00007ffc3e580000 - 0x00007ffc3ecbf000 	C:\Windows\System32\SHELL32.dll
0x00007ffc3af50000 - 0x00007ffc3b6e0000 	C:\Windows\SYSTEM32\windows.storage.dll
0x00007ffc3f340000 - 0x00007ffc3f695000 	C:\Windows\System32\combase.dll
0x00007ffc3cb50000 - 0x00007ffc3cb7c000 	C:\Windows\SYSTEM32\Wldp.dll
0x00007ffc3f130000 - 0x00007ffc3f1de000 	C:\Windows\System32\SHCORE.dll
0x00007ffc3efe0000 - 0x00007ffc3f035000 	C:\Windows\System32\shlwapi.dll
0x00007ffc3d1e0000 - 0x00007ffc3d1ff000 	C:\Windows\SYSTEM32\profapi.dll
0x00007ffc015f0000 - 0x00007ffc01609000 	C:\Program Files\Java\jdk-11.0.8\bin\net.dll
0x00007ffc31480000 - 0x00007ffc31588000 	C:\Windows\SYSTEM32\WINHTTP.dll
0x00007ffc3c930000 - 0x00007ffc3c99a000 	C:\Windows\system32\mswsock.dll
0x00007ffc01200000 - 0x00007ffc01212000 	C:\Program Files\Java\jdk-11.0.8\bin\nio.dll
0x00007ffc02370000 - 0x00007ffc02379000 	C:\Program Files\Java\jdk-11.0.8\bin\management.dll
0x00007ffc017d0000 - 0x00007ffc017db000 	C:\Program Files\Java\jdk-11.0.8\bin\management_ext.dll
0x00007ffc25e40000 - 0x00007ffc25e57000 	C:\Windows\system32\napinsp.dll
0x00007ffc25e20000 - 0x00007ffc25e3b000 	C:\Windows\system32\pnrpnsp.dll
0x00007ffc377e0000 - 0x00007ffc377f5000 	C:\Windows\system32\wshbth.dll
0x00007ffc38780000 - 0x00007ffc3879d000 	C:\Windows\system32\NLAapi.dll
0x00007ffc3c640000 - 0x00007ffc3c67b000 	C:\Windows\SYSTEM32\IPHLPAPI.DLL
0x00007ffc3c680000 - 0x00007ffc3c74c000 	C:\Windows\SYSTEM32\DNSAPI.dll
0x00007ffc3f6f0000 - 0x00007ffc3f6f8000 	C:\Windows\System32\NSI.dll
0x00007ffc25ae0000 - 0x00007ffc25af2000 	C:\Windows\System32\winrnr.dll
0x00007ffc30f70000 - 0x00007ffc30f7a000 	C:\Windows\System32\rasadhlp.dll
0x00007ffc31060000 - 0x00007ffc310df000 	C:\Windows\System32\fwpuclnt.dll
0x00007ffc3d350000 - 0x00007ffc3d377000 	C:\Windows\System32\bcrypt.dll

dbghelp: loaded successfully - version: 4.0.5 - missing functions: none
symbol engine: initialized successfully - sym options: 0x614 - pdb path: .;C:\Program Files\Java\jdk-11.0.8\bin;C:\Windows\SYSTEM32;C:\Program Files\Avast Software\Avast;C:\Windows\WinSxS\amd64_microsoft.windows.common-controls_6595b64144ccf1df_6.0.19041.1110_none_60b5254171f9507e;C:\Program Files\Java\jdk-11.0.8\bin\server

VM Arguments:
jvm_args: -Dfile.encoding=UTF-8 
java_command: sb.elastic.sbelastic.SbelasticApplication
java_class_path (initial): C:\Users\IRWAN\Documents\latihan\sbelastic\sbelastic\target\classes;C:\Users\IRWAN\.m2\repository\org\springframework\boot\spring-boot-starter-data-elasticsearch\2.5.4\spring-boot-starter-data-elasticsearch-2.5.4.jar;C:\Users\IRWAN\.m2\repository\org\springframework\boot\spring-boot-starter\2.5.4\spring-boot-starter-2.5.4.jar;C:\Users\IRWAN\.m2\repository\org\springframework\boot\spring-boot\2.5.4\spring-boot-2.5.4.jar;C:\Users\IRWAN\.m2\repository\org\springframework\boot\spring-boot-autoconfigure\2.5.4\spring-boot-autoconfigure-2.5.4.jar;C:\Users\IRWAN\.m2\repository\org\springframework\boot\spring-boot-starter-logging\2.5.4\spring-boot-starter-logging-2.5.4.jar;C:\Users\IRWAN\.m2\repository\ch\qos\logback\logback-classic\1.2.5\logback-classic-1.2.5.jar;C:\Users\IRWAN\.m2\repository\ch\qos\logback\logback-core\1.2.5\logback-core-1.2.5.jar;C:\Users\IRWAN\.m2\repository\org\apache\logging\log4j\log4j-to-slf4j\2.14.1\log4j-to-slf4j-2.14.1.jar;C:\Users\IRWAN\.m2\repository\org\apache\logging\log4j\log4j-api\2.14.1\log4j-api-2.14.1.jar;C:\Users\IRWAN\.m2\repository\org\slf4j\jul-to-slf4j\1.7.32\jul-to-slf4j-1.7.32.jar;C:\Users\IRWAN\.m2\repository\jakarta\annotation\jakarta.annotation-api\1.3.5\jakarta.annotation-api-1.3.5.jar;C:\Users\IRWAN\.m2\repository\org\yaml\snakeyaml\1.28\snakeyaml-1.28.jar;C:\Users\IRWAN\.m2\repository\org\springframework\data\spring-data-elasticsearch\4.2.4\spring-data-elasticsearch-4.2.4.jar;C:\Users\IRWAN\.m2\repository\org\springframework\spring-context\5.3.9\spring-context-5.3.9.jar;C:\Users\IRWAN\.m2\repository\org\springframework\spring-tx\5.3.9\spring-tx-5.3.9.jar;C:\Users\IRWAN\.m2\repository\org\springframework\data\spring-data-commons\2.5.4\spring-data-commons-2.5.4.jar;C:\Users\IRWAN\.m2\repository\org\elasticsearch\plugin\transport-netty4-client\7.12.1\transport-netty4-client-7.12.1.jar;C:\Users\IRWAN\.m2\repository\io\netty\netty-buffer\4.1.67.Final\netty-buffer-4.1.67.Final.jar;C:\Users\IRWAN\.m2\rep
Launcher Type: SUN_STANDARD

[Global flags]
     intx CICompilerCount                          = 2                                         {product} {ergonomic}
     uint ConcGCThreads                            = 1                                         {product} {ergonomic}
     uint G1ConcRefinementThreads                  = 2                                         {product} {ergonomic}
   size_t G1HeapRegionSize                         = 1048576                                   {product} {ergonomic}
    uintx GCDrainStackTargetSize                   = 64                                        {product} {ergonomic}
   size_t InitialHeapSize                          = 58720256                                  {product} {ergonomic}
   size_t MarkStackSize                            = 4194304                                   {product} {ergonomic}
   size_t MaxHeapSize                              = 926941184                                 {product} {ergonomic}
   size_t MaxNewSize                               = 555745280                                 {product} {ergonomic}
   size_t MinHeapDeltaBytes                        = 1048576                                   {product} {ergonomic}
    uintx NonNMethodCodeHeapSize                   = 5825164                                {pd product} {ergonomic}
    uintx NonProfiledCodeHeapSize                  = 122916538                              {pd product} {ergonomic}
    uintx ProfiledCodeHeapSize                     = 122916538                              {pd product} {ergonomic}
    uintx ReservedCodeCacheSize                    = 251658240                              {pd product} {ergonomic}
     bool SegmentedCodeCache                       = true                                      {product} {ergonomic}
     bool UseCompressedClassPointers               = true                                 {lp64_product} {ergonomic}
     bool UseCompressedOops                        = true                                 {lp64_product} {ergonomic}
     bool UseG1GC                                  = true                                      {product} {ergonomic}
     bool UseLargePagesIndividualAllocation        = false                                  {pd product} {ergonomic}

Logging:
Log output configuration:
 #0: stdout all=warning uptime,level,tags
 #1: stderr all=off uptime,level,tags

Environment Variables:
JAVA_HOME=C:\Program Files\Java\jdk-11.0.8
PATH=C:\Program Files (x86)\Python37-32\Scripts\;C:\Program Files (x86)\Python37-32\;C:\Program Files\Common Files\Oracle\Java\javapath;C:\Windows\system32;C:\Windows;C:\Windows\System32\Wbem;C:\Windows\System32\WindowsPowerShell\v1.0\;C:\Windows\System32\OpenSSH\;C:\Program Files\nodejs\;C:\Program Files\Git\cmd;C:\Program Files\dotnet\;;C:\Program Files\Docker\Docker\resources\bin;C:\ProgramData\DockerDesktop\version-bin;C:\Program Files\Redis\;C:\Users\IRWAN\Documents\Scripts\;C:\Users\IRWAN\Documents\;C:\Program Files\MySQL\MySQL Shell 8.0\bin\;C:\Users\IRWAN\AppData\Local\Microsoft\WindowsApps;C:\Users\IRWAN\AppData\Roaming\npm;C:\Users\IRWAN\.dotnet\tools;C:\Users\IRWAN\Downloads\apache-zookeeper-3.6.1-bin\apache-zookeeper-3.6.1-bin\bin;C:\Users\IRWAN\Downloads\dartsdk-windows-x64-release\dart-sdk\bin;
USERNAME=IRWAN
OS=Windows_NT
PROCESSOR_IDENTIFIER=AMD64 Family 23 Model 24 Stepping 1, AuthenticAMD



---------------  S Y S T E M  ---------------

OS: Windows 10 , 64 bit Build 19041 (10.0.19041.1151)
HyperV virtualization detected

CPU:total 2 (initial active 2) (2 cores per cpu, 1 threads per core) family 23 model 24 stepping 1, cmov, cx8, fxsr, mmx, sse, sse2, sse3, ssse3, sse4.1, sse4.2, popcnt, avx, avx2, aes, clmul, mmxext, 3dnowpref, lzcnt, sse4a, tsc, tscinvbit, tscinv, bmi1, bmi2, adx, sha, fma

Memory: 4k page, system-wide physical 3534M (149M free)
TotalPageFile size 14286M (AvailPageFile size 4M)
current process WorkingSet (physical memory assigned to process): 132M, peak: 133M
current process commit charge ("private bytes"): 179M, peak: 181M

vm_info: Java HotSpot(TM) 64-Bit Server VM (11.0.8+10-LTS) for windows-amd64 JRE (11.0.8+10-LTS), built on Jun 16 2020 05:53:08 by "mach5one" with unknown MS VC++:1916

END.
